Copyright 1986-2020 Xilinx, Inc. All Rights Reserved.
---------------------------------------------------------------------------------------------
| Tool Version : Vivado v.2020.1 (win64) Build 2902540 Wed May 27 19:54:49 MDT 2020
| Date         : Sat Dec 17 16:11:20 2022
| Host         : Omen-17 running 64-bit major release  (build 9200)
| Command      : report_control_sets -verbose -file design_1_wrapper_control_sets_placed.rpt
| Design       : design_1_wrapper
| Device       : xc7z020
---------------------------------------------------------------------------------------------

Control Set Information

Table of Contents
-----------------
1. Summary
2. Histogram
3. Flip-Flop Distribution
4. Detailed Control Set Information

1. Summary
----------

+----------------------------------------------------------+-------+
|                          Status                          | Count |
+----------------------------------------------------------+-------+
| Total control sets                                       |    14 |
|    Minimum number of control sets                        |    14 |
|    Addition due to synthesis replication                 |     0 |
|    Addition due to physical synthesis replication        |     0 |
| Unused register locations in slices containing registers |    70 |
+----------------------------------------------------------+-------+
* Control sets can be merged at opt_design using control_set_merge or merge_equivalent_drivers
** Run report_qor_suggestions for automated merging and remapping suggestions


2. Histogram
------------

+--------------------+-------+
|       Fanout       | Count |
+--------------------+-------+
| Total control sets |    14 |
| >= 0 to < 4        |     1 |
| >= 4 to < 6        |     6 |
| >= 6 to < 8        |     0 |
| >= 8 to < 10       |     0 |
| >= 10 to < 12      |     2 |
| >= 12 to < 14      |     0 |
| >= 14 to < 16      |     0 |
| >= 16              |     5 |
+--------------------+-------+
* Control sets can be remapped at either synth_design or opt_design


3. Flip-Flop Distribution
-------------------------

+--------------+-----------------------+------------------------+-----------------+--------------+
| Clock Enable | Synchronous Set/Reset | Asynchronous Set/Reset | Total Registers | Total Slices |
+--------------+-----------------------+------------------------+-----------------+--------------+
| No           | No                    | No                     |            7229 |         2203 |
| No           | No                    | Yes                    |               0 |            0 |
| No           | Yes                   | No                     |              99 |           33 |
| Yes          | No                    | No                     |               0 |            0 |
| Yes          | No                    | Yes                    |               0 |            0 |
| Yes          | Yes                   | No                     |              18 |            6 |
+--------------+-----------------------+------------------------+-----------------+--------------+


4. Detailed Control Set Information
-----------------------------------

+------------------------------------------------------------------+-------------------------------------------------------------+-------------------------------------------------------------+------------------+----------------+--------------+
|                           Clock Signal                           |                        Enable Signal                        |                       Set/Reset Signal                      | Slice Load Count | Bel Load Count | Bels / Slice |
+------------------------------------------------------------------+-------------------------------------------------------------+-------------------------------------------------------------+------------------+----------------+--------------+
|  design_1_i/num_capture_4bit_0/inst/rNextFont_reg[1]_i_2_n_0     |                                                             | design_1_i/num_capture_4bit_0/inst/rNextBgrC_reg[3]_i_3_n_0 |                2 |              2 |         1.00 |
|  design_1_i/num_capture_4bit_0/inst/rNextTextC_reg[3]_i_2_n_0    |                                                             |                                                             |                1 |              4 |         4.00 |
|  design_1_i/num_capture_4bit_0/inst/rNextBgrC_reg[3]_i_2_n_0     |                                                             | design_1_i/num_capture_4bit_0/inst/rNextBgrC_reg[3]_i_3_n_0 |                2 |              4 |         2.00 |
|  design_1_i/num_capture_4bit_0/inst/rNextAddrVert_reg[3]_i_2_n_0 |                                                             |                                                             |                1 |              4 |         4.00 |
|  design_1_i/clk_wiz_0/inst/clk_out1                              |                                                             | iRst_IBUF                                                   |                3 |              4 |         1.33 |
|  design_1_i/clk_wiz_0/inst/clk_out1                              | design_1_i/num_capture_4bit_0/inst/CEB2                     | design_1_i/num_capture_4bit_0/inst/rCurrNum[3]_i_1_n_0      |                1 |              4 |         4.00 |
|  design_1_i/clk_wiz_0/inst/clk_out1                              | design_1_i/num_capture_4bit_0/inst/rCurrAddrHori[1]_i_2_n_0 | design_1_i/num_capture_4bit_0/inst/rCurrAddrHori[1]_i_1_n_0 |                2 |              4 |         2.00 |
|  design_1_i/clk_wiz_0/inst/clk_out1                              |                                                             | design_1_i/VGA_timings_0/inst/CountH[9]_i_1_n_0             |                4 |             10 |         2.50 |
|  design_1_i/clk_wiz_0/inst/clk_out1                              | design_1_i/VGA_timings_0/inst/CountH[9]_i_1_n_0             | design_1_i/VGA_timings_0/inst/CountV                        |                3 |             10 |         3.33 |
|  design_1_i/clk_wiz_0/inst/clk_out1                              |                                                             | design_1_i/Debounce_Switch_2/inst/p_0_in                    |                5 |             18 |         3.60 |
|  design_1_i/clk_wiz_0/inst/clk_out1                              |                                                             | design_1_i/Debounce_Switch_0/inst/p_0_in                    |                5 |             18 |         3.60 |
|  design_1_i/clk_wiz_0/inst/clk_out1                              |                                                             | design_1_i/Debounce_Switch_1/inst/p_0_in                    |                5 |             18 |         3.60 |
|  design_1_i/clk_wiz_0/inst/clk_out1                              |                                                             | design_1_i/num_capture_4bit_0/inst/rVisCountCurr[0]_i_1_n_0 |                7 |             25 |         3.57 |
|  design_1_i/clk_wiz_0/inst/clk_out1                              |                                                             |                                                             |             2201 |           7221 |         3.28 |
+------------------------------------------------------------------+-------------------------------------------------------------+-------------------------------------------------------------+------------------+----------------+--------------+


