
*** Running vivado
    with args -log design_1_num_capture_4bit_0_0.vds -m64 -product Vivado -mode batch -messageDb vivado.pb -notrace -source design_1_num_capture_4bit_0_0.tcl



****** Vivado v2020.1 (64-bit)
  **** SW Build 2902540 on Wed May 27 19:54:49 MDT 2020
  **** IP Build 2902112 on Wed May 27 22:43:36 MDT 2020
    ** Copyright 1986-2020 Xilinx, Inc. All Rights Reserved.

source design_1_num_capture_4bit_0_0.tcl -notrace
Command: synth_design -top design_1_num_capture_4bit_0_0 -part xc7z020clg400-1 -mode out_of_context
Starting synth_design
WARNING: [IP_Flow 19-3571] IP 'design_1_num_capture_4bit_0_0' is restricted:
* Module reference is stale and needs refreshing.
Attempting to get a license for feature 'Synthesis' and/or device 'xc7z020'
INFO: [Common 17-349] Got license for feature 'Synthesis' and/or device 'xc7z020'
INFO: [Device 21-403] Loading part xc7z020clg400-1
INFO: [Synth 8-7079] Multithreading enabled for synth_design using a maximum of 2 processes.
INFO: [Synth 8-7078] Launching helper process for spawning children vivado processes
INFO: [Synth 8-7075] Helper process launched with PID 15000
---------------------------------------------------------------------------------
Starting RTL Elaboration : Time (s): cpu = 00:00:03 ; elapsed = 00:00:03 . Memory (MB): peak = 1013.105 ; gain = 0.000
---------------------------------------------------------------------------------
INFO: [Synth 8-6157] synthesizing module 'design_1_num_capture_4bit_0_0' [c:/Users/douwe/Documents/Vivado Projects/VGAHexEditorGit/VGAHexEditorGit.srcs/sources_1/bd/design_1/ip/design_1_num_capture_4bit_0_0/synth/design_1_num_capture_4bit_0_0.v:58]
INFO: [Synth 8-6157] synthesizing module 'num_capture_4bit' [C:/Users/douwe/Documents/Vivado Projects/VGAHexEditorGit/VGAHexEditorGit.srcs/sources_1/new/num_capture_4bit.v:24]
	Parameter sRst bound to: 0 - type: integer 
	Parameter sIdle bound to: 1 - type: integer 
	Parameter sPushNumb bound to: 2 - type: integer 
	Parameter sIncNumb bound to: 3 - type: integer 
	Parameter sPushMove bound to: 4 - type: integer 
	Parameter sIncMove bound to: 5 - type: integer 
	Parameter sDecMove bound to: 6 - type: integer 
	Parameter sLineMove bound to: 7 - type: integer 
	Parameter sPushSpace bound to: 9 - type: integer 
	Parameter sIncSpace bound to: 10 - type: integer 
	Parameter sDecSpace bound to: 11 - type: integer 
	Parameter sLineSpace bound to: 12 - type: integer 
	Parameter sIncFont bound to: 13 - type: integer 
	Parameter sIncTextC bound to: 14 - type: integer 
	Parameter sIncBgrC bound to: 15 - type: integer 
INFO: [Synth 8-226] default block is never used [C:/Users/douwe/Documents/Vivado Projects/VGAHexEditorGit/VGAHexEditorGit.srcs/sources_1/new/num_capture_4bit.v:240]
INFO: [Synth 8-226] default block is never used [C:/Users/douwe/Documents/Vivado Projects/VGAHexEditorGit/VGAHexEditorGit.srcs/sources_1/new/num_capture_4bit.v:294]
INFO: [Synth 8-6155] done synthesizing module 'num_capture_4bit' (1#1) [C:/Users/douwe/Documents/Vivado Projects/VGAHexEditorGit/VGAHexEditorGit.srcs/sources_1/new/num_capture_4bit.v:24]
INFO: [Synth 8-6155] done synthesizing module 'design_1_num_capture_4bit_0_0' (2#1) [c:/Users/douwe/Documents/Vivado Projects/VGAHexEditorGit/VGAHexEditorGit.srcs/sources_1/bd/design_1/ip/design_1_num_capture_4bit_0_0/synth/design_1_num_capture_4bit_0_0.v:58]
---------------------------------------------------------------------------------
Finished RTL Elaboration : Time (s): cpu = 00:00:03 ; elapsed = 00:00:04 . Memory (MB): peak = 1013.105 ; gain = 0.000
---------------------------------------------------------------------------------
---------------------------------------------------------------------------------
Start Handling Custom Attributes
---------------------------------------------------------------------------------
---------------------------------------------------------------------------------
Finished Handling Custom Attributes : Time (s): cpu = 00:00:04 ; elapsed = 00:00:04 . Memory (MB): peak = 1013.105 ; gain = 0.000
---------------------------------------------------------------------------------
---------------------------------------------------------------------------------
Finished RTL Optimization Phase 1 : Time (s): cpu = 00:00:04 ; elapsed = 00:00:04 . Memory (MB): peak = 1013.105 ; gain = 0.000
---------------------------------------------------------------------------------
Netlist sorting complete. Time (s): cpu = 00:00:00 ; elapsed = 00:00:00.002 . Memory (MB): peak = 1013.105 ; gain = 0.000
INFO: [Project 1-570] Preparing netlist for logic optimization

Processing XDC Constraints
Initializing timing engine
Completed Processing XDC Constraints

Netlist sorting complete. Time (s): cpu = 00:00:00 ; elapsed = 00:00:00 . Memory (MB): peak = 1025.102 ; gain = 0.000
INFO: [Project 1-111] Unisim Transformation Summary:
No Unisim elements were transformed.

Constraint Validation Runtime : Time (s): cpu = 00:00:00 ; elapsed = 00:00:00.013 . Memory (MB): peak = 1025.117 ; gain = 0.016
---------------------------------------------------------------------------------
Finished Constraint Validation : Time (s): cpu = 00:00:08 ; elapsed = 00:00:09 . Memory (MB): peak = 1025.117 ; gain = 12.012
---------------------------------------------------------------------------------
---------------------------------------------------------------------------------
Start Loading Part and Timing Information
---------------------------------------------------------------------------------
Loading part: xc7z020clg400-1
---------------------------------------------------------------------------------
Finished Loading Part and Timing Information : Time (s): cpu = 00:00:08 ; elapsed = 00:00:09 . Memory (MB): peak = 1025.117 ; gain = 12.012
---------------------------------------------------------------------------------
---------------------------------------------------------------------------------
Start Applying 'set_property' XDC Constraints
---------------------------------------------------------------------------------
---------------------------------------------------------------------------------
Finished applying 'set_property' XDC Constraints : Time (s): cpu = 00:00:08 ; elapsed = 00:00:09 . Memory (MB): peak = 1025.117 ; gain = 12.012
---------------------------------------------------------------------------------
WARNING: [Synth 8-327] inferring latch for variable 'rNextAddrVert_reg' [C:/Users/douwe/Documents/Vivado Projects/VGAHexEditorGit/VGAHexEditorGit.srcs/sources_1/new/num_capture_4bit.v:193]
WARNING: [Synth 8-327] inferring latch for variable 'rNextTextC_reg' [C:/Users/douwe/Documents/Vivado Projects/VGAHexEditorGit/VGAHexEditorGit.srcs/sources_1/new/num_capture_4bit.v:232]
WARNING: [Synth 8-327] inferring latch for variable 'rNextBgrC_reg' [C:/Users/douwe/Documents/Vivado Projects/VGAHexEditorGit/VGAHexEditorGit.srcs/sources_1/new/num_capture_4bit.v:234]
---------------------------------------------------------------------------------
Finished RTL Optimization Phase 2 : Time (s): cpu = 00:00:08 ; elapsed = 00:00:09 . Memory (MB): peak = 1025.117 ; gain = 12.012
---------------------------------------------------------------------------------
---------------------------------------------------------------------------------
Start RTL Component Statistics 
---------------------------------------------------------------------------------
Detailed RTL Component Info : 
+---Adders : 
	   2 Input   12 Bit       Adders := 1     
	   2 Input    6 Bit       Adders := 1     
	   2 Input    4 Bit       Adders := 6     
+---Registers : 
	                6 Bit    Registers := 1     
	                4 Bit    Registers := 5     
+---Muxes : 
	   2 Input   12 Bit        Muxes := 2     
	   3 Input    6 Bit        Muxes := 1     
	   7 Input    6 Bit        Muxes := 1     
	   2 Input    4 Bit        Muxes := 3     
	   5 Input    4 Bit        Muxes := 3     
	   6 Input    4 Bit        Muxes := 1     
	  16 Input    3 Bit        Muxes := 1     
	   2 Input    2 Bit        Muxes := 2     
	   2 Input    1 Bit        Muxes := 8     
	   3 Input    1 Bit        Muxes := 1     
	   6 Input    1 Bit        Muxes := 1     
---------------------------------------------------------------------------------
Finished RTL Component Statistics 
---------------------------------------------------------------------------------
---------------------------------------------------------------------------------
Start Part Resource Summary
---------------------------------------------------------------------------------
Part Resources:
DSPs: 220 (col length:60)
BRAMs: 280 (col length: RAMB18 60 RAMB36 30)
---------------------------------------------------------------------------------
Finished Part Resource Summary
---------------------------------------------------------------------------------
---------------------------------------------------------------------------------
Start Cross Boundary and Area Optimization
---------------------------------------------------------------------------------
---------------------------------------------------------------------------------
Finished Cross Boundary and Area Optimization : Time (s): cpu = 00:00:09 ; elapsed = 00:00:10 . Memory (MB): peak = 1025.117 ; gain = 12.012
---------------------------------------------------------------------------------
---------------------------------------------------------------------------------
Start Applying XDC Timing Constraints
---------------------------------------------------------------------------------
---------------------------------------------------------------------------------
Finished Applying XDC Timing Constraints : Time (s): cpu = 00:00:14 ; elapsed = 00:00:15 . Memory (MB): peak = 1025.117 ; gain = 12.012
---------------------------------------------------------------------------------
---------------------------------------------------------------------------------
Start Timing Optimization
---------------------------------------------------------------------------------
---------------------------------------------------------------------------------
Finished Timing Optimization : Time (s): cpu = 00:00:14 ; elapsed = 00:00:15 . Memory (MB): peak = 1025.117 ; gain = 12.012
---------------------------------------------------------------------------------
---------------------------------------------------------------------------------
Start Technology Mapping
---------------------------------------------------------------------------------
---------------------------------------------------------------------------------
Finished Technology Mapping : Time (s): cpu = 00:00:14 ; elapsed = 00:00:15 . Memory (MB): peak = 1025.117 ; gain = 12.012
---------------------------------------------------------------------------------
---------------------------------------------------------------------------------
Start IO Insertion
---------------------------------------------------------------------------------
---------------------------------------------------------------------------------
Start Flattening Before IO Insertion
---------------------------------------------------------------------------------
---------------------------------------------------------------------------------
Finished Flattening Before IO Insertion
---------------------------------------------------------------------------------
---------------------------------------------------------------------------------
Start Final Netlist Cleanup
---------------------------------------------------------------------------------
---------------------------------------------------------------------------------
Finished Final Netlist Cleanup
---------------------------------------------------------------------------------
---------------------------------------------------------------------------------
Finished IO Insertion : Time (s): cpu = 00:00:17 ; elapsed = 00:00:18 . Memory (MB): peak = 1025.117 ; gain = 12.012
---------------------------------------------------------------------------------
---------------------------------------------------------------------------------
Start Renaming Generated Instances
---------------------------------------------------------------------------------
---------------------------------------------------------------------------------
Finished Renaming Generated Instances : Time (s): cpu = 00:00:17 ; elapsed = 00:00:18 . Memory (MB): peak = 1025.117 ; gain = 12.012
---------------------------------------------------------------------------------
---------------------------------------------------------------------------------
Start Rebuilding User Hierarchy
---------------------------------------------------------------------------------
---------------------------------------------------------------------------------
Finished Rebuilding User Hierarchy : Time (s): cpu = 00:00:17 ; elapsed = 00:00:18 . Memory (MB): peak = 1025.117 ; gain = 12.012
---------------------------------------------------------------------------------
---------------------------------------------------------------------------------
Start Renaming Generated Ports
---------------------------------------------------------------------------------
---------------------------------------------------------------------------------
Finished Renaming Generated Ports : Time (s): cpu = 00:00:17 ; elapsed = 00:00:18 . Memory (MB): peak = 1025.117 ; gain = 12.012
---------------------------------------------------------------------------------
---------------------------------------------------------------------------------
Start Handling Custom Attributes
---------------------------------------------------------------------------------
---------------------------------------------------------------------------------
Finished Handling Custom Attributes : Time (s): cpu = 00:00:17 ; elapsed = 00:00:18 . Memory (MB): peak = 1025.117 ; gain = 12.012
---------------------------------------------------------------------------------
---------------------------------------------------------------------------------
Start Renaming Generated Nets
---------------------------------------------------------------------------------
---------------------------------------------------------------------------------
Finished Renaming Generated Nets : Time (s): cpu = 00:00:17 ; elapsed = 00:00:18 . Memory (MB): peak = 1025.117 ; gain = 12.012
---------------------------------------------------------------------------------
---------------------------------------------------------------------------------
Start Writing Synthesis Report
---------------------------------------------------------------------------------

Report BlackBoxes: 
+-+--------------+----------+
| |BlackBox name |Instances |
+-+--------------+----------+
+-+--------------+----------+

Report Cell Usage: 
+------+-------+------+
|      |Cell   |Count |
+------+-------+------+
|1     |CARRY4 |     2|
|2     |LUT1   |     1|
|3     |LUT2   |     6|
|4     |LUT3   |     4|
|5     |LUT4   |    48|
|6     |LUT5   |    19|
|7     |LUT6   |    17|
|8     |MUXF7  |     1|
|9     |FDRE   |    26|
|10    |LD     |    12|
+------+-------+------+
---------------------------------------------------------------------------------
Finished Writing Synthesis Report : Time (s): cpu = 00:00:17 ; elapsed = 00:00:18 . Memory (MB): peak = 1025.117 ; gain = 12.012
---------------------------------------------------------------------------------
Synthesis finished with 0 errors, 0 critical warnings and 3 warnings.
Synthesis Optimization Runtime : Time (s): cpu = 00:00:12 ; elapsed = 00:00:17 . Memory (MB): peak = 1025.117 ; gain = 0.000
Synthesis Optimization Complete : Time (s): cpu = 00:00:17 ; elapsed = 00:00:18 . Memory (MB): peak = 1025.117 ; gain = 12.012
INFO: [Project 1-571] Translating synthesized netlist
Netlist sorting complete. Time (s): cpu = 00:00:00 ; elapsed = 00:00:00.002 . Memory (MB): peak = 1025.117 ; gain = 0.000
INFO: [Netlist 29-17] Analyzing 15 Unisim elements for replacement
INFO: [Netlist 29-28] Unisim Transformation completed in 0 CPU seconds
INFO: [Project 1-570] Preparing netlist for logic optimization
INFO: [Opt 31-138] Pushed 0 inverter(s) to 0 load pin(s).
Netlist sorting complete. Time (s): cpu = 00:00:00 ; elapsed = 00:00:00 . Memory (MB): peak = 1025.117 ; gain = 0.000
INFO: [Project 1-111] Unisim Transformation Summary:
  A total of 12 instances were transformed.
  LD => LDCE: 12 instances

INFO: [Common 17-83] Releasing license: Synthesis
20 Infos, 4 Warnings, 0 Critical Warnings and 0 Errors encountered.
synth_design completed successfully
synth_design: Time (s): cpu = 00:00:22 ; elapsed = 00:00:23 . Memory (MB): peak = 1025.117 ; gain = 12.012
INFO: [Common 17-1381] The checkpoint 'C:/Users/douwe/Documents/Vivado Projects/VGAHexEditorGit/VGAHexEditorGit.runs/design_1_num_capture_4bit_0_0_synth_1/design_1_num_capture_4bit_0_0.dcp' has been generated.
WARNING: [Common 17-576] 'use_project_ipc' is deprecated. This option is deprecated and no longer used.
INFO: [Common 17-1381] The checkpoint 'C:/Users/douwe/Documents/Vivado Projects/VGAHexEditorGit/VGAHexEditorGit.runs/design_1_num_capture_4bit_0_0_synth_1/design_1_num_capture_4bit_0_0.dcp' has been generated.
INFO: [runtcl-4] Executing : report_utilization -file design_1_num_capture_4bit_0_0_utilization_synth.rpt -pb design_1_num_capture_4bit_0_0_utilization_synth.pb
INFO: [Common 17-206] Exiting Vivado at Tue Dec 13 17:52:38 2022...
